ERROR - 2022-09-29 19:55:25 --> Error connecting to the database: mysqli_sql_exception: No connection could be made because the target machine actively refused it in D:\Project QC\vendor\codeigniter4\framework\system\Database\MySQLi\Connection.php:171
Stack trace:
#0 D:\Project QC\vendor\codeigniter4\framework\system\Database\MySQLi\Connection.php(171): mysqli->real_connect('localhost', 'root', '', 'qcdoc', 3306, '', 0)
#1 D:\Project QC\vendor\codeigniter4\framework\system\Database\BaseConnection.php(382): CodeIgniter\Database\MySQLi\Connection->connect(false)
#2 D:\Project QC\vendor\codeigniter4\framework\system\Database\BaseConnection.php(588): CodeIgniter\Database\BaseConnection->initialize()
#3 D:\Project QC\vendor\codeigniter4\framework\system\Database\BaseBuilder.php(1585): CodeIgniter\Database\BaseConnection->query('SELECT *\nFROM `...', Array, false)
#4 D:\Project QC\vendor\codeigniter4\framework\system\Model.php(223): CodeIgniter\Database\BaseBuilder->get()
#5 D:\Project QC\vendor\codeigniter4\framework\system\BaseModel.php(584): CodeIgniter\Model->doFindAll(0, 0)
#6 D:\Project QC\app\Controllers\SA_User.php(13): CodeIgniter\BaseModel->findAll()
#7 D:\Project QC\vendor\codeigniter4\framework\system\CodeIgniter.php(907): App\Controllers\SA_User->index()
#8 D:\Project QC\vendor\codeigniter4\framework\system\CodeIgniter.php(457): CodeIgniter\CodeIgniter->runController(Object(App\Controllers\SA_User))
#9 D:\Project QC\vendor\codeigniter4\framework\system\CodeIgniter.php(340): CodeIgniter\CodeIgniter->handleRequest(NULL, Object(Config\Cache), false)
#10 D:\Project QC\public\index.php(67): CodeIgniter\CodeIgniter->run()
#11 D:\Project QC\vendor\codeigniter4\framework\system\Commands\Server\rewrite.php(43): require_once('D:\\Project QC\\p...')
#12 {main}

Next CodeIgniter\Database\Exceptions\DatabaseException: No connection could be made because the target machine actively refused it in D:\Project QC\vendor\codeigniter4\framework\system\Database\MySQLi\Connection.php:215
Stack trace:
#0 D:\Project QC\vendor\codeigniter4\framework\system\Database\BaseConnection.php(382): CodeIgniter\Database\MySQLi\Connection->connect(false)
#1 D:\Project QC\vendor\codeigniter4\framework\system\Database\BaseConnection.php(588): CodeIgniter\Database\BaseConnection->initialize()
#2 D:\Project QC\vendor\codeigniter4\framework\system\Database\BaseBuilder.php(1585): CodeIgniter\Database\BaseConnection->query('SELECT *\nFROM `...', Array, false)
#3 D:\Project QC\vendor\codeigniter4\framework\system\Model.php(223): CodeIgniter\Database\BaseBuilder->get()
#4 D:\Project QC\vendor\codeigniter4\framework\system\BaseModel.php(584): CodeIgniter\Model->doFindAll(0, 0)
#5 D:\Project QC\app\Controllers\SA_User.php(13): CodeIgniter\BaseModel->findAll()
#6 D:\Project QC\vendor\codeigniter4\framework\system\CodeIgniter.php(907): App\Controllers\SA_User->index()
#7 D:\Project QC\vendor\codeigniter4\framework\system\CodeIgniter.php(457): CodeIgniter\CodeIgniter->runController(Object(App\Controllers\SA_User))
#8 D:\Project QC\vendor\codeigniter4\framework\system\CodeIgniter.php(340): CodeIgniter\CodeIgniter->handleRequest(NULL, Object(Config\Cache), false)
#9 D:\Project QC\public\index.php(67): CodeIgniter\CodeIgniter->run()
#10 D:\Project QC\vendor\codeigniter4\framework\system\Commands\Server\rewrite.php(43): require_once('D:\\Project QC\\p...')
#11 {main}
CRITICAL - 2022-09-29 19:55:25 --> Unable to connect to the database.
Main connection [MySQLi]: No connection could be made because the target machine actively refused it
in SYSTEMPATH\Database\BaseConnection.php on line 418.
 1 SYSTEMPATH\Database\BaseConnection.php(588): CodeIgniter\Database\BaseConnection->initialize()
 2 SYSTEMPATH\Database\BaseBuilder.php(1585): CodeIgniter\Database\BaseConnection->query('SELECT *
FROM `user`', [], false)
 3 SYSTEMPATH\Model.php(223): CodeIgniter\Database\BaseBuilder->get()
 4 SYSTEMPATH\BaseModel.php(584): CodeIgniter\Model->doFindAll(0, 0)
 5 APPPATH\Controllers\SA_User.php(13): CodeIgniter\BaseModel->findAll()
 6 SYSTEMPATH\CodeIgniter.php(907): App\Controllers\SA_User->index()
 7 SYSTEMPATH\CodeIgniter.php(457): CodeIgniter\CodeIgniter->runController(Object(App\Controllers\SA_User))
 8 SYSTEMPATH\CodeIgniter.php(340): CodeIgniter\CodeIgniter->handleRequest(null, Object(Config\Cache), false)
 9 FCPATH\index.php(67): CodeIgniter\CodeIgniter->run()
10 SYSTEMPATH\Commands\Server\rewrite.php(43): require_once('FCPATH\\index.php')
ERROR - 2022-09-29 19:56:36 --> Error connecting to the database: mysqli_sql_exception: No connection could be made because the target machine actively refused it in D:\Project QC\vendor\codeigniter4\framework\system\Database\MySQLi\Connection.php:171
Stack trace:
#0 D:\Project QC\vendor\codeigniter4\framework\system\Database\MySQLi\Connection.php(171): mysqli->real_connect('localhost', 'root', '', 'qcdoc', 3306, '', 0)
#1 D:\Project QC\vendor\codeigniter4\framework\system\Database\BaseConnection.php(382): CodeIgniter\Database\MySQLi\Connection->connect(false)
#2 D:\Project QC\vendor\codeigniter4\framework\system\Database\BaseConnection.php(588): CodeIgniter\Database\BaseConnection->initialize()
#3 D:\Project QC\vendor\codeigniter4\framework\system\Database\BaseBuilder.php(1585): CodeIgniter\Database\BaseConnection->query('SELECT *\nFROM `...', Array, false)
#4 D:\Project QC\vendor\codeigniter4\framework\system\Model.php(223): CodeIgniter\Database\BaseBuilder->get()
#5 D:\Project QC\vendor\codeigniter4\framework\system\BaseModel.php(584): CodeIgniter\Model->doFindAll(0, 0)
#6 D:\Project QC\app\Controllers\SA_User.php(13): CodeIgniter\BaseModel->findAll()
#7 D:\Project QC\vendor\codeigniter4\framework\system\CodeIgniter.php(907): App\Controllers\SA_User->index()
#8 D:\Project QC\vendor\codeigniter4\framework\system\CodeIgniter.php(457): CodeIgniter\CodeIgniter->runController(Object(App\Controllers\SA_User))
#9 D:\Project QC\vendor\codeigniter4\framework\system\CodeIgniter.php(340): CodeIgniter\CodeIgniter->handleRequest(NULL, Object(Config\Cache), false)
#10 D:\Project QC\public\index.php(67): CodeIgniter\CodeIgniter->run()
#11 D:\Project QC\vendor\codeigniter4\framework\system\Commands\Server\rewrite.php(43): require_once('D:\\Project QC\\p...')
#12 {main}

Next CodeIgniter\Database\Exceptions\DatabaseException: No connection could be made because the target machine actively refused it in D:\Project QC\vendor\codeigniter4\framework\system\Database\MySQLi\Connection.php:215
Stack trace:
#0 D:\Project QC\vendor\codeigniter4\framework\system\Database\BaseConnection.php(382): CodeIgniter\Database\MySQLi\Connection->connect(false)
#1 D:\Project QC\vendor\codeigniter4\framework\system\Database\BaseConnection.php(588): CodeIgniter\Database\BaseConnection->initialize()
#2 D:\Project QC\vendor\codeigniter4\framework\system\Database\BaseBuilder.php(1585): CodeIgniter\Database\BaseConnection->query('SELECT *\nFROM `...', Array, false)
#3 D:\Project QC\vendor\codeigniter4\framework\system\Model.php(223): CodeIgniter\Database\BaseBuilder->get()
#4 D:\Project QC\vendor\codeigniter4\framework\system\BaseModel.php(584): CodeIgniter\Model->doFindAll(0, 0)
#5 D:\Project QC\app\Controllers\SA_User.php(13): CodeIgniter\BaseModel->findAll()
#6 D:\Project QC\vendor\codeigniter4\framework\system\CodeIgniter.php(907): App\Controllers\SA_User->index()
#7 D:\Project QC\vendor\codeigniter4\framework\system\CodeIgniter.php(457): CodeIgniter\CodeIgniter->runController(Object(App\Controllers\SA_User))
#8 D:\Project QC\vendor\codeigniter4\framework\system\CodeIgniter.php(340): CodeIgniter\CodeIgniter->handleRequest(NULL, Object(Config\Cache), false)
#9 D:\Project QC\public\index.php(67): CodeIgniter\CodeIgniter->run()
#10 D:\Project QC\vendor\codeigniter4\framework\system\Commands\Server\rewrite.php(43): require_once('D:\\Project QC\\p...')
#11 {main}
CRITICAL - 2022-09-29 19:56:36 --> Unable to connect to the database.
Main connection [MySQLi]: No connection could be made because the target machine actively refused it
in SYSTEMPATH\Database\BaseConnection.php on line 418.
 1 SYSTEMPATH\Database\BaseConnection.php(588): CodeIgniter\Database\BaseConnection->initialize()
 2 SYSTEMPATH\Database\BaseBuilder.php(1585): CodeIgniter\Database\BaseConnection->query('SELECT *
FROM `user`', [], false)
 3 SYSTEMPATH\Model.php(223): CodeIgniter\Database\BaseBuilder->get()
 4 SYSTEMPATH\BaseModel.php(584): CodeIgniter\Model->doFindAll(0, 0)
 5 APPPATH\Controllers\SA_User.php(13): CodeIgniter\BaseModel->findAll()
 6 SYSTEMPATH\CodeIgniter.php(907): App\Controllers\SA_User->index()
 7 SYSTEMPATH\CodeIgniter.php(457): CodeIgniter\CodeIgniter->runController(Object(App\Controllers\SA_User))
 8 SYSTEMPATH\CodeIgniter.php(340): CodeIgniter\CodeIgniter->handleRequest(null, Object(Config\Cache), false)
 9 FCPATH\index.php(67): CodeIgniter\CodeIgniter->run()
10 SYSTEMPATH\Commands\Server\rewrite.php(43): require_once('FCPATH\\index.php')
CRITICAL - 2022-09-29 20:39:32 --> Undefined property: CodeIgniter\View\View::$load
in APPPATH\Views\SuperAdmin\dashboardSA.php on line 4.
 1 APPPATH\Views\SuperAdmin\dashboardSA.php(4): CodeIgniter\Debug\Exceptions->errorHandler(2, 'Undefined property: CodeIgniter\\View\\View::$load', 'APPPATH\\Views\\SuperAdmin\\dashboardSA.php', 4)
 2 SYSTEMPATH\View\View.php(213): include('APPPATH\\Views\\SuperAdmin\\dashboardSA.php')
 3 SYSTEMPATH\View\View.php(216): CodeIgniter\View\View->CodeIgniter\View\{closure}()
 4 SYSTEMPATH\Common.php(1142): CodeIgniter\View\View->render('SuperAdmin/dashboardSA', [], true)
 5 APPPATH\Controllers\SA_User.php(15): view('SuperAdmin/dashboardSA', [...])
 6 SYSTEMPATH\CodeIgniter.php(907): App\Controllers\SA_User->index()
 7 SYSTEMPATH\CodeIgniter.php(457): CodeIgniter\CodeIgniter->runController(Object(App\Controllers\SA_User))
 8 SYSTEMPATH\CodeIgniter.php(340): CodeIgniter\CodeIgniter->handleRequest(null, Object(Config\Cache), false)
 9 FCPATH\index.php(67): CodeIgniter\CodeIgniter->run()
10 SYSTEMPATH\Commands\Server\rewrite.php(43): require_once('FCPATH\\index.php')
CRITICAL - 2022-09-29 20:43:06 --> Undefined property: CodeIgniter\View\View::$load
in APPPATH\Views\SuperAdmin\dashboardSA.php on line 4.
 1 APPPATH\Views\SuperAdmin\dashboardSA.php(4): CodeIgniter\Debug\Exceptions->errorHandler(2, 'Undefined property: CodeIgniter\\View\\View::$load', 'APPPATH\\Views\\SuperAdmin\\dashboardSA.php', 4)
 2 SYSTEMPATH\View\View.php(213): include('APPPATH\\Views\\SuperAdmin\\dashboardSA.php')
 3 SYSTEMPATH\View\View.php(216): CodeIgniter\View\View->CodeIgniter\View\{closure}()
 4 SYSTEMPATH\Common.php(1142): CodeIgniter\View\View->render('SuperAdmin/dashboardSA', [], true)
 5 APPPATH\Controllers\SA_User.php(15): view('SuperAdmin/dashboardSA', [...])
 6 SYSTEMPATH\CodeIgniter.php(907): App\Controllers\SA_User->index()
 7 SYSTEMPATH\CodeIgniter.php(457): CodeIgniter\CodeIgniter->runController(Object(App\Controllers\SA_User))
 8 SYSTEMPATH\CodeIgniter.php(340): CodeIgniter\CodeIgniter->handleRequest(null, Object(Config\Cache), false)
 9 FCPATH\index.php(67): CodeIgniter\CodeIgniter->run()
10 SYSTEMPATH\Commands\Server\rewrite.php(43): require_once('FCPATH\\index.php')
CRITICAL - 2022-09-29 20:43:07 --> Undefined property: CodeIgniter\View\View::$load
in APPPATH\Views\SuperAdmin\dashboardSA.php on line 4.
 1 APPPATH\Views\SuperAdmin\dashboardSA.php(4): CodeIgniter\Debug\Exceptions->errorHandler(2, 'Undefined property: CodeIgniter\\View\\View::$load', 'APPPATH\\Views\\SuperAdmin\\dashboardSA.php', 4)
 2 SYSTEMPATH\View\View.php(213): include('APPPATH\\Views\\SuperAdmin\\dashboardSA.php')
 3 SYSTEMPATH\View\View.php(216): CodeIgniter\View\View->CodeIgniter\View\{closure}()
 4 SYSTEMPATH\Common.php(1142): CodeIgniter\View\View->render('SuperAdmin/dashboardSA', [], true)
 5 APPPATH\Controllers\SA_User.php(15): view('SuperAdmin/dashboardSA', [...])
 6 SYSTEMPATH\CodeIgniter.php(907): App\Controllers\SA_User->index()
 7 SYSTEMPATH\CodeIgniter.php(457): CodeIgniter\CodeIgniter->runController(Object(App\Controllers\SA_User))
 8 SYSTEMPATH\CodeIgniter.php(340): CodeIgniter\CodeIgniter->handleRequest(null, Object(Config\Cache), false)
 9 FCPATH\index.php(67): CodeIgniter\CodeIgniter->run()
10 SYSTEMPATH\Commands\Server\rewrite.php(43): require_once('FCPATH\\index.php')
CRITICAL - 2022-09-29 20:43:08 --> Undefined property: CodeIgniter\View\View::$load
in APPPATH\Views\SuperAdmin\dashboardSA.php on line 4.
 1 APPPATH\Views\SuperAdmin\dashboardSA.php(4): CodeIgniter\Debug\Exceptions->errorHandler(2, 'Undefined property: CodeIgniter\\View\\View::$load', 'APPPATH\\Views\\SuperAdmin\\dashboardSA.php', 4)
 2 SYSTEMPATH\View\View.php(213): include('APPPATH\\Views\\SuperAdmin\\dashboardSA.php')
 3 SYSTEMPATH\View\View.php(216): CodeIgniter\View\View->CodeIgniter\View\{closure}()
 4 SYSTEMPATH\Common.php(1142): CodeIgniter\View\View->render('SuperAdmin/dashboardSA', [], true)
 5 APPPATH\Controllers\SA_User.php(15): view('SuperAdmin/dashboardSA', [...])
 6 SYSTEMPATH\CodeIgniter.php(907): App\Controllers\SA_User->index()
 7 SYSTEMPATH\CodeIgniter.php(457): CodeIgniter\CodeIgniter->runController(Object(App\Controllers\SA_User))
 8 SYSTEMPATH\CodeIgniter.php(340): CodeIgniter\CodeIgniter->handleRequest(null, Object(Config\Cache), false)
 9 FCPATH\index.php(67): CodeIgniter\CodeIgniter->run()
10 SYSTEMPATH\Commands\Server\rewrite.php(43): require_once('FCPATH\\index.php')
