ERROR - 2023-06-05 03:05:07 --> Error connecting to the database: mysqli_sql_exception: No connection could be made because the target machine actively refused it in D:\Quality Control\Project QC\vendor\codeigniter4\framework\system\Database\MySQLi\Connection.php:171
Stack trace:
#0 D:\Quality Control\Project QC\vendor\codeigniter4\framework\system\Database\MySQLi\Connection.php(171): mysqli->real_connect('localhost:3306', 'root', '', 'final_qcdoc', 3306, '', 0)
#1 D:\Quality Control\Project QC\vendor\codeigniter4\framework\system\Database\BaseConnection.php(382): CodeIgniter\Database\MySQLi\Connection->connect(false)
#2 D:\Quality Control\Project QC\vendor\codeigniter4\framework\system\Database\BaseConnection.php(561): CodeIgniter\Database\BaseConnection->initialize()
#3 D:\Quality Control\Project QC\vendor\codeigniter4\framework\system\Database\BaseBuilder.php(1585): CodeIgniter\Database\BaseConnection->query('SELECT *\nFROM `...', Array, false)
#4 D:\Quality Control\Project QC\vendor\codeigniter4\framework\system\Model.php(250): CodeIgniter\Database\BaseBuilder->get()
#5 D:\Quality Control\Project QC\vendor\codeigniter4\framework\system\BaseModel.php(623): CodeIgniter\Model->doFirst()
#6 D:\Quality Control\Project QC\vendor\myth\auth\src\Authentication\LocalAuthenticator.php(140): CodeIgniter\BaseModel->first()
#7 D:\Quality Control\Project QC\vendor\myth\auth\src\Authentication\LocalAuthenticator.php(19): Myth\Auth\Authentication\LocalAuthenticator->validate(Array, true)
#8 D:\Quality Control\Project QC\vendor\myth\auth\src\Controllers\AuthController.php(87): Myth\Auth\Authentication\LocalAuthenticator->attempt(Array, false)
#9 D:\Quality Control\Project QC\vendor\codeigniter4\framework\system\CodeIgniter.php(927): Myth\Auth\Controllers\AuthController->attemptLogin()
#10 D:\Quality Control\Project QC\vendor\codeigniter4\framework\system\CodeIgniter.php(482): CodeIgniter\CodeIgniter->runController(Object(Myth\Auth\Controllers\AuthController))
#11 D:\Quality Control\Project QC\vendor\codeigniter4\framework\system\CodeIgniter.php(351): CodeIgniter\CodeIgniter->handleRequest(NULL, Object(Config\Cache), false)
#12 D:\Quality Control\Project QC\public\index.php(67): CodeIgniter\CodeIgniter->run()
#13 D:\Quality Control\Project QC\vendor\codeigniter4\framework\system\Commands\Server\rewrite.php(46): require_once('D:\\Quality Cont...')
#14 {main}

Next CodeIgniter\Database\Exceptions\DatabaseException: No connection could be made because the target machine actively refused it in D:\Quality Control\Project QC\vendor\codeigniter4\framework\system\Database\MySQLi\Connection.php:215
Stack trace:
#0 D:\Quality Control\Project QC\vendor\codeigniter4\framework\system\Database\BaseConnection.php(382): CodeIgniter\Database\MySQLi\Connection->connect(false)
#1 D:\Quality Control\Project QC\vendor\codeigniter4\framework\system\Database\BaseConnection.php(561): CodeIgniter\Database\BaseConnection->initialize()
#2 D:\Quality Control\Project QC\vendor\codeigniter4\framework\system\Database\BaseBuilder.php(1585): CodeIgniter\Database\BaseConnection->query('SELECT *\nFROM `...', Array, false)
#3 D:\Quality Control\Project QC\vendor\codeigniter4\framework\system\Model.php(250): CodeIgniter\Database\BaseBuilder->get()
#4 D:\Quality Control\Project QC\vendor\codeigniter4\framework\system\BaseModel.php(623): CodeIgniter\Model->doFirst()
#5 D:\Quality Control\Project QC\vendor\myth\auth\src\Authentication\LocalAuthenticator.php(140): CodeIgniter\BaseModel->first()
#6 D:\Quality Control\Project QC\vendor\myth\auth\src\Authentication\LocalAuthenticator.php(19): Myth\Auth\Authentication\LocalAuthenticator->validate(Array, true)
#7 D:\Quality Control\Project QC\vendor\myth\auth\src\Controllers\AuthController.php(87): Myth\Auth\Authentication\LocalAuthenticator->attempt(Array, false)
#8 D:\Quality Control\Project QC\vendor\codeigniter4\framework\system\CodeIgniter.php(927): Myth\Auth\Controllers\AuthController->attemptLogin()
#9 D:\Quality Control\Project QC\vendor\codeigniter4\framework\system\CodeIgniter.php(482): CodeIgniter\CodeIgniter->runController(Object(Myth\Auth\Controllers\AuthController))
#10 D:\Quality Control\Project QC\vendor\codeigniter4\framework\system\CodeIgniter.php(351): CodeIgniter\CodeIgniter->handleRequest(NULL, Object(Config\Cache), false)
#11 D:\Quality Control\Project QC\public\index.php(67): CodeIgniter\CodeIgniter->run()
#12 D:\Quality Control\Project QC\vendor\codeigniter4\framework\system\Commands\Server\rewrite.php(46): require_once('D:\\Quality Cont...')
#13 {main}
CRITICAL - 2023-06-05 03:05:07 --> Unable to connect to the database.
Main connection [MySQLi]: No connection could be made because the target machine actively refused it
in SYSTEMPATH\Database\BaseConnection.php on line 418.
 1 SYSTEMPATH\Database\BaseConnection.php(561): CodeIgniter\Database\BaseConnection->initialize()
 2 SYSTEMPATH\Database\BaseBuilder.php(1585): CodeIgniter\Database\BaseConnection->query('SELECT *
FROM `users`
WHERE `email` = :email:
 LIMIT 1', [...], false)
 3 SYSTEMPATH\Model.php(250): CodeIgniter\Database\BaseBuilder->get()
 4 SYSTEMPATH\BaseModel.php(623): CodeIgniter\Model->doFirst()
 5 VENDORPATH\myth\auth\src\Authentication\LocalAuthenticator.php(140): CodeIgniter\BaseModel->first()
 6 VENDORPATH\myth\auth\src\Authentication\LocalAuthenticator.php(19): Myth\Auth\Authentication\LocalAuthenticator->validate([...], true)
 7 VENDORPATH\myth\auth\src\Controllers\AuthController.php(87): Myth\Auth\Authentication\LocalAuthenticator->attempt([...], false)
 8 SYSTEMPATH\CodeIgniter.php(927): Myth\Auth\Controllers\AuthController->attemptLogin()
 9 SYSTEMPATH\CodeIgniter.php(482): CodeIgniter\CodeIgniter->runController(Object(Myth\Auth\Controllers\AuthController))
10 SYSTEMPATH\CodeIgniter.php(351): CodeIgniter\CodeIgniter->handleRequest(null, Object(Config\Cache), false)
11 FCPATH\index.php(67): CodeIgniter\CodeIgniter->run()
12 SYSTEMPATH\Commands\Server\rewrite.php(46): require_once('FCPATH\\index.php')
CRITICAL - 2023-06-05 03:09:04 --> trim(): Passing null to parameter #1 ($string) of type string is deprecated
in APPPATH\Entities\User.php on line 26.
 1 [internal function]: CodeIgniter\Debug\Exceptions->errorHandler(8192, 'trim(): Passing null to parameter #1 ($string) of type string is deprecated', 'APPPATH\\Entities\\User.php', 26)
 2 APPPATH\Entities\User.php(26): trim(null)
 3 SYSTEMPATH\Entity\Entity.php(491): App\Entities\User->getName()
 4 APPPATH\Views\templates\index.php(73): CodeIgniter\Entity\Entity->__get('name')
 5 SYSTEMPATH\View\View.php(213): include('APPPATH\\Views\\templates\\index.php')
 6 SYSTEMPATH\View\View.php(216): CodeIgniter\View\View->CodeIgniter\View\{closure}()
 7 SYSTEMPATH\View\View.php(229): CodeIgniter\View\View->render('templates/index', [], true)
 8 SYSTEMPATH\Common.php(1134): CodeIgniter\View\View->render('dashboard', [], true)
 9 APPPATH\Controllers\Dashboard.php(44): view('dashboard', [...])
10 SYSTEMPATH\CodeIgniter.php(927): App\Controllers\Dashboard->index()
11 SYSTEMPATH\CodeIgniter.php(482): CodeIgniter\CodeIgniter->runController(Object(App\Controllers\Dashboard))
12 SYSTEMPATH\CodeIgniter.php(351): CodeIgniter\CodeIgniter->handleRequest(null, Object(Config\Cache), false)
13 FCPATH\index.php(67): CodeIgniter\CodeIgniter->run()
14 SYSTEMPATH\Commands\Server\rewrite.php(46): require_once('FCPATH\\index.php')
CRITICAL - 2023-06-05 03:09:19 --> trim(): Passing null to parameter #1 ($string) of type string is deprecated
in APPPATH\Entities\User.php on line 26.
 1 [internal function]: CodeIgniter\Debug\Exceptions->errorHandler(8192, 'trim(): Passing null to parameter #1 ($string) of type string is deprecated', 'APPPATH\\Entities\\User.php', 26)
 2 APPPATH\Entities\User.php(26): trim(null)
 3 SYSTEMPATH\Entity\Entity.php(491): App\Entities\User->getName()
 4 APPPATH\Views\templates\index.php(73): CodeIgniter\Entity\Entity->__get('name')
 5 SYSTEMPATH\View\View.php(213): include('APPPATH\\Views\\templates\\index.php')
 6 SYSTEMPATH\View\View.php(216): CodeIgniter\View\View->CodeIgniter\View\{closure}()
 7 SYSTEMPATH\View\View.php(229): CodeIgniter\View\View->render('templates/index', [], true)
 8 SYSTEMPATH\Common.php(1134): CodeIgniter\View\View->render('dashboard', [], true)
 9 APPPATH\Controllers\Dashboard.php(44): view('dashboard', [...])
10 SYSTEMPATH\CodeIgniter.php(927): App\Controllers\Dashboard->index()
11 SYSTEMPATH\CodeIgniter.php(482): CodeIgniter\CodeIgniter->runController(Object(App\Controllers\Dashboard))
12 SYSTEMPATH\CodeIgniter.php(351): CodeIgniter\CodeIgniter->handleRequest(null, Object(Config\Cache), false)
13 FCPATH\index.php(67): CodeIgniter\CodeIgniter->run()
14 SYSTEMPATH\Commands\Server\rewrite.php(46): require_once('FCPATH\\index.php')
CRITICAL - 2023-06-05 03:09:21 --> trim(): Passing null to parameter #1 ($string) of type string is deprecated
in APPPATH\Entities\User.php on line 26.
 1 [internal function]: CodeIgniter\Debug\Exceptions->errorHandler(8192, 'trim(): Passing null to parameter #1 ($string) of type string is deprecated', 'APPPATH\\Entities\\User.php', 26)
 2 APPPATH\Entities\User.php(26): trim(null)
 3 SYSTEMPATH\Entity\Entity.php(491): App\Entities\User->getName()
 4 APPPATH\Views\templates\index.php(73): CodeIgniter\Entity\Entity->__get('name')
 5 SYSTEMPATH\View\View.php(213): include('APPPATH\\Views\\templates\\index.php')
 6 SYSTEMPATH\View\View.php(216): CodeIgniter\View\View->CodeIgniter\View\{closure}()
 7 SYSTEMPATH\View\View.php(229): CodeIgniter\View\View->render('templates/index', [], true)
 8 SYSTEMPATH\Common.php(1134): CodeIgniter\View\View->render('dashboard', [], true)
 9 APPPATH\Controllers\Dashboard.php(44): view('dashboard', [...])
10 SYSTEMPATH\CodeIgniter.php(927): App\Controllers\Dashboard->index()
11 SYSTEMPATH\CodeIgniter.php(482): CodeIgniter\CodeIgniter->runController(Object(App\Controllers\Dashboard))
12 SYSTEMPATH\CodeIgniter.php(351): CodeIgniter\CodeIgniter->handleRequest(null, Object(Config\Cache), false)
13 FCPATH\index.php(67): CodeIgniter\CodeIgniter->run()
14 SYSTEMPATH\Commands\Server\rewrite.php(46): require_once('FCPATH\\index.php')
CRITICAL - 2023-06-05 03:09:21 --> trim(): Passing null to parameter #1 ($string) of type string is deprecated
in APPPATH\Entities\User.php on line 26.
 1 [internal function]: CodeIgniter\Debug\Exceptions->errorHandler(8192, 'trim(): Passing null to parameter #1 ($string) of type string is deprecated', 'APPPATH\\Entities\\User.php', 26)
 2 APPPATH\Entities\User.php(26): trim(null)
 3 SYSTEMPATH\Entity\Entity.php(491): App\Entities\User->getName()
 4 APPPATH\Views\templates\index.php(73): CodeIgniter\Entity\Entity->__get('name')
 5 SYSTEMPATH\View\View.php(213): include('APPPATH\\Views\\templates\\index.php')
 6 SYSTEMPATH\View\View.php(216): CodeIgniter\View\View->CodeIgniter\View\{closure}()
 7 SYSTEMPATH\View\View.php(229): CodeIgniter\View\View->render('templates/index', [], true)
 8 SYSTEMPATH\Common.php(1134): CodeIgniter\View\View->render('dashboard', [], true)
 9 APPPATH\Controllers\Dashboard.php(44): view('dashboard', [...])
10 SYSTEMPATH\CodeIgniter.php(927): App\Controllers\Dashboard->index()
11 SYSTEMPATH\CodeIgniter.php(482): CodeIgniter\CodeIgniter->runController(Object(App\Controllers\Dashboard))
12 SYSTEMPATH\CodeIgniter.php(351): CodeIgniter\CodeIgniter->handleRequest(null, Object(Config\Cache), false)
13 FCPATH\index.php(67): CodeIgniter\CodeIgniter->run()
14 SYSTEMPATH\Commands\Server\rewrite.php(46): require_once('FCPATH\\index.php')
CRITICAL - 2023-06-05 03:09:24 --> trim(): Passing null to parameter #1 ($string) of type string is deprecated
in APPPATH\Entities\User.php on line 26.
 1 [internal function]: CodeIgniter\Debug\Exceptions->errorHandler(8192, 'trim(): Passing null to parameter #1 ($string) of type string is deprecated', 'APPPATH\\Entities\\User.php', 26)
 2 APPPATH\Entities\User.php(26): trim(null)
 3 SYSTEMPATH\Entity\Entity.php(491): App\Entities\User->getName()
 4 APPPATH\Views\templates\index.php(73): CodeIgniter\Entity\Entity->__get('name')
 5 SYSTEMPATH\View\View.php(213): include('APPPATH\\Views\\templates\\index.php')
 6 SYSTEMPATH\View\View.php(216): CodeIgniter\View\View->CodeIgniter\View\{closure}()
 7 SYSTEMPATH\View\View.php(229): CodeIgniter\View\View->render('templates/index', [], true)
 8 SYSTEMPATH\Common.php(1134): CodeIgniter\View\View->render('dashboard', [], true)
 9 APPPATH\Controllers\Dashboard.php(44): view('dashboard', [...])
10 SYSTEMPATH\CodeIgniter.php(927): App\Controllers\Dashboard->index()
11 SYSTEMPATH\CodeIgniter.php(482): CodeIgniter\CodeIgniter->runController(Object(App\Controllers\Dashboard))
12 SYSTEMPATH\CodeIgniter.php(351): CodeIgniter\CodeIgniter->handleRequest(null, Object(Config\Cache), false)
13 FCPATH\index.php(67): CodeIgniter\CodeIgniter->run()
14 SYSTEMPATH\Commands\Server\rewrite.php(46): require_once('FCPATH\\index.php')
CRITICAL - 2023-06-05 03:09:30 --> trim(): Passing null to parameter #1 ($string) of type string is deprecated
in APPPATH\Entities\User.php on line 26.
 1 [internal function]: CodeIgniter\Debug\Exceptions->errorHandler(8192, 'trim(): Passing null to parameter #1 ($string) of type string is deprecated', 'APPPATH\\Entities\\User.php', 26)
 2 APPPATH\Entities\User.php(26): trim(null)
 3 SYSTEMPATH\Entity\Entity.php(491): App\Entities\User->getName()
 4 APPPATH\Views\templates\index.php(73): CodeIgniter\Entity\Entity->__get('name')
 5 SYSTEMPATH\View\View.php(213): include('APPPATH\\Views\\templates\\index.php')
 6 SYSTEMPATH\View\View.php(216): CodeIgniter\View\View->CodeIgniter\View\{closure}()
 7 SYSTEMPATH\View\View.php(229): CodeIgniter\View\View->render('templates/index', [], true)
 8 SYSTEMPATH\Common.php(1134): CodeIgniter\View\View->render('dashboard', [], true)
 9 APPPATH\Controllers\Dashboard.php(44): view('dashboard', [...])
10 SYSTEMPATH\CodeIgniter.php(927): App\Controllers\Dashboard->index()
11 SYSTEMPATH\CodeIgniter.php(482): CodeIgniter\CodeIgniter->runController(Object(App\Controllers\Dashboard))
12 SYSTEMPATH\CodeIgniter.php(351): CodeIgniter\CodeIgniter->handleRequest(null, Object(Config\Cache), false)
13 FCPATH\index.php(67): CodeIgniter\CodeIgniter->run()
14 SYSTEMPATH\Commands\Server\rewrite.php(46): require_once('FCPATH\\index.php')
CRITICAL - 2023-06-05 03:09:37 --> trim(): Passing null to parameter #1 ($string) of type string is deprecated
in APPPATH\Entities\User.php on line 26.
 1 [internal function]: CodeIgniter\Debug\Exceptions->errorHandler(8192, 'trim(): Passing null to parameter #1 ($string) of type string is deprecated', 'APPPATH\\Entities\\User.php', 26)
 2 APPPATH\Entities\User.php(26): trim(null)
 3 SYSTEMPATH\Entity\Entity.php(491): App\Entities\User->getName()
 4 APPPATH\Views\templates\index.php(73): CodeIgniter\Entity\Entity->__get('name')
 5 SYSTEMPATH\View\View.php(213): include('APPPATH\\Views\\templates\\index.php')
 6 SYSTEMPATH\View\View.php(216): CodeIgniter\View\View->CodeIgniter\View\{closure}()
 7 SYSTEMPATH\View\View.php(229): CodeIgniter\View\View->render('templates/index', [], true)
 8 SYSTEMPATH\Common.php(1134): CodeIgniter\View\View->render('dashboard', [], true)
 9 APPPATH\Controllers\Dashboard.php(44): view('dashboard', [...])
10 SYSTEMPATH\CodeIgniter.php(927): App\Controllers\Dashboard->index()
11 SYSTEMPATH\CodeIgniter.php(482): CodeIgniter\CodeIgniter->runController(Object(App\Controllers\Dashboard))
12 SYSTEMPATH\CodeIgniter.php(351): CodeIgniter\CodeIgniter->handleRequest(null, Object(Config\Cache), false)
13 FCPATH\index.php(67): CodeIgniter\CodeIgniter->run()
14 SYSTEMPATH\Commands\Server\rewrite.php(46): require_once('FCPATH\\index.php')
CRITICAL - 2023-06-05 03:09:39 --> trim(): Passing null to parameter #1 ($string) of type string is deprecated
in APPPATH\Entities\User.php on line 26.
 1 [internal function]: CodeIgniter\Debug\Exceptions->errorHandler(8192, 'trim(): Passing null to parameter #1 ($string) of type string is deprecated', 'APPPATH\\Entities\\User.php', 26)
 2 APPPATH\Entities\User.php(26): trim(null)
 3 SYSTEMPATH\Entity\Entity.php(491): App\Entities\User->getName()
 4 APPPATH\Views\templates\index.php(73): CodeIgniter\Entity\Entity->__get('name')
 5 SYSTEMPATH\View\View.php(213): include('APPPATH\\Views\\templates\\index.php')
 6 SYSTEMPATH\View\View.php(216): CodeIgniter\View\View->CodeIgniter\View\{closure}()
 7 SYSTEMPATH\View\View.php(229): CodeIgniter\View\View->render('templates/index', [], true)
 8 SYSTEMPATH\Common.php(1134): CodeIgniter\View\View->render('dashboard', [], true)
 9 APPPATH\Controllers\Dashboard.php(44): view('dashboard', [...])
10 SYSTEMPATH\CodeIgniter.php(927): App\Controllers\Dashboard->index()
11 SYSTEMPATH\CodeIgniter.php(482): CodeIgniter\CodeIgniter->runController(Object(App\Controllers\Dashboard))
12 SYSTEMPATH\CodeIgniter.php(351): CodeIgniter\CodeIgniter->handleRequest(null, Object(Config\Cache), false)
13 FCPATH\index.php(67): CodeIgniter\CodeIgniter->run()
14 SYSTEMPATH\Commands\Server\rewrite.php(46): require_once('FCPATH\\index.php')
CRITICAL - 2023-06-05 03:09:41 --> trim(): Passing null to parameter #1 ($string) of type string is deprecated
in APPPATH\Entities\User.php on line 26.
 1 [internal function]: CodeIgniter\Debug\Exceptions->errorHandler(8192, 'trim(): Passing null to parameter #1 ($string) of type string is deprecated', 'APPPATH\\Entities\\User.php', 26)
 2 APPPATH\Entities\User.php(26): trim(null)
 3 SYSTEMPATH\Entity\Entity.php(491): App\Entities\User->getName()
 4 APPPATH\Views\templates\index.php(73): CodeIgniter\Entity\Entity->__get('name')
 5 SYSTEMPATH\View\View.php(213): include('APPPATH\\Views\\templates\\index.php')
 6 SYSTEMPATH\View\View.php(216): CodeIgniter\View\View->CodeIgniter\View\{closure}()
 7 SYSTEMPATH\View\View.php(229): CodeIgniter\View\View->render('templates/index', [], true)
 8 SYSTEMPATH\Common.php(1134): CodeIgniter\View\View->render('settings/users/index', [], true)
 9 APPPATH\Controllers\Users.php(69): view('settings/users/index', [...])
10 SYSTEMPATH\CodeIgniter.php(927): App\Controllers\Users->index()
11 SYSTEMPATH\CodeIgniter.php(482): CodeIgniter\CodeIgniter->runController(Object(App\Controllers\Users))
12 SYSTEMPATH\CodeIgniter.php(351): CodeIgniter\CodeIgniter->handleRequest(null, Object(Config\Cache), false)
13 FCPATH\index.php(67): CodeIgniter\CodeIgniter->run()
14 SYSTEMPATH\Commands\Server\rewrite.php(46): require_once('FCPATH\\index.php')
