CRITICAL - 2022-09-18 22:02:05 --> Invalid file: Dinda.php
in SYSTEMPATH\Exceptions\FrameworkException.php on line 33.
 1 SYSTEMPATH\View\View.php(201): CodeIgniter\Exceptions\FrameworkException::forInvalidFile('Dinda.php')
 2 SYSTEMPATH\Common.php(1142): CodeIgniter\View\View->render('Dinda', [], true)
 3 APPPATH\Controllers\Home.php(13): view('Dinda')
 4 SYSTEMPATH\CodeIgniter.php(907): App\Controllers\Home->index2()
 5 SYSTEMPATH\CodeIgniter.php(457): CodeIgniter\CodeIgniter->runController(Object(App\Controllers\Home))
 6 SYSTEMPATH\CodeIgniter.php(340): CodeIgniter\CodeIgniter->handleRequest(null, Object(Config\Cache), false)
 7 FCPATH\index.php(67): CodeIgniter\CodeIgniter->run()
 8 SYSTEMPATH\Commands\Server\rewrite.php(43): require_once('FCPATH\\index.php')
CRITICAL - 2022-09-18 22:02:08 --> Invalid file: Dinda.php
in SYSTEMPATH\Exceptions\FrameworkException.php on line 33.
 1 SYSTEMPATH\View\View.php(201): CodeIgniter\Exceptions\FrameworkException::forInvalidFile('Dinda.php')
 2 SYSTEMPATH\Common.php(1142): CodeIgniter\View\View->render('Dinda', [], true)
 3 APPPATH\Controllers\Home.php(13): view('Dinda')
 4 SYSTEMPATH\CodeIgniter.php(907): App\Controllers\Home->index2()
 5 SYSTEMPATH\CodeIgniter.php(457): CodeIgniter\CodeIgniter->runController(Object(App\Controllers\Home))
 6 SYSTEMPATH\CodeIgniter.php(340): CodeIgniter\CodeIgniter->handleRequest(null, Object(Config\Cache), false)
 7 FCPATH\index.php(67): CodeIgniter\CodeIgniter->run()
 8 SYSTEMPATH\Commands\Server\rewrite.php(43): require_once('FCPATH\\index.php')
