ERROR - 2023-06-10 01:59:11 --> mysqli_sql_exception: Table 'qcdoc.users' doesn't exist in D:\Quality Control\hosting QC\KPJB-QC\vendor\codeigniter4\framework\system\Database\MySQLi\Connection.php:292
Stack trace:
#0 D:\Quality Control\hosting QC\KPJB-QC\vendor\codeigniter4\framework\system\Database\MySQLi\Connection.php(292): mysqli->query('SELECT *\nFROM `...', 0)
#1 D:\Quality Control\hosting QC\KPJB-QC\vendor\codeigniter4\framework\system\Database\BaseConnection.php(666): CodeIgniter\Database\MySQLi\Connection->execute('SELECT *\nFROM `...')
#2 D:\Quality Control\hosting QC\KPJB-QC\vendor\codeigniter4\framework\system\Database\BaseConnection.php(593): CodeIgniter\Database\BaseConnection->simpleQuery('SELECT *\nFROM `...')
#3 D:\Quality Control\hosting QC\KPJB-QC\vendor\codeigniter4\framework\system\Database\BaseBuilder.php(1585): CodeIgniter\Database\BaseConnection->query('SELECT *\nFROM `...', Array, false)
#4 D:\Quality Control\hosting QC\KPJB-QC\vendor\codeigniter4\framework\system\Model.php(182): CodeIgniter\Database\BaseBuilder->get()
#5 D:\Quality Control\hosting QC\KPJB-QC\vendor\codeigniter4\framework\system\BaseModel.php(524): CodeIgniter\Model->doFind(true, '1')
#6 D:\Quality Control\hosting QC\KPJB-QC\vendor\myth\auth\src\Authentication\AuthenticationBase.php(130): CodeIgniter\BaseModel->find('1')
#7 D:\Quality Control\hosting QC\KPJB-QC\vendor\myth\auth\src\Authentication\LocalAuthenticator.php(67): Myth\Auth\Authentication\AuthenticationBase->isLoggedIn()
#8 D:\Quality Control\hosting QC\KPJB-QC\vendor\myth\auth\src\Filters\PermissionFilter.php(21): Myth\Auth\Authentication\LocalAuthenticator->check()
#9 D:\Quality Control\hosting QC\KPJB-QC\vendor\codeigniter4\framework\system\Filters\Filters.php(173): Myth\Auth\Filters\PermissionFilter->before(Object(CodeIgniter\HTTP\IncomingRequest), Array)
#10 D:\Quality Control\hosting QC\KPJB-QC\vendor\codeigniter4\framework\system\CodeIgniter.php(455): CodeIgniter\Filters\Filters->run('menu', 'before')
#11 D:\Quality Control\hosting QC\KPJB-QC\vendor\codeigniter4\framework\system\CodeIgniter.php(351): CodeIgniter\CodeIgniter->handleRequest(NULL, Object(Config\Cache), false)
#12 D:\Quality Control\hosting QC\KPJB-QC\public\index.php(67): CodeIgniter\CodeIgniter->run()
#13 D:\Quality Control\hosting QC\KPJB-QC\vendor\codeigniter4\framework\system\Commands\Server\rewrite.php(46): require_once('D:\\Quality Cont...')
#14 {main}
CRITICAL - 2023-06-10 01:59:11 --> Call to a member function getFirstRow() on bool
in SYSTEMPATH\Model.php on line 183.
 1 SYSTEMPATH\BaseModel.php(524): CodeIgniter\Model->doFind(true, '1')
 2 VENDORPATH\myth\auth\src\Authentication\AuthenticationBase.php(130): CodeIgniter\BaseModel->find('1')
 3 VENDORPATH\myth\auth\src\Authentication\LocalAuthenticator.php(67): Myth\Auth\Authentication\AuthenticationBase->isLoggedIn()
 4 VENDORPATH\myth\auth\src\Filters\PermissionFilter.php(21): Myth\Auth\Authentication\LocalAuthenticator->check()
 5 SYSTEMPATH\Filters\Filters.php(173): Myth\Auth\Filters\PermissionFilter->before(Object(CodeIgniter\HTTP\IncomingRequest), [...])
 6 SYSTEMPATH\CodeIgniter.php(455): CodeIgniter\Filters\Filters->run('menu', 'before')
 7 SYSTEMPATH\CodeIgniter.php(351): CodeIgniter\CodeIgniter->handleRequest(null, Object(Config\Cache), false)
 8 FCPATH\index.php(67): CodeIgniter\CodeIgniter->run()
 9 SYSTEMPATH\Commands\Server\rewrite.php(46): require_once('FCPATH\\index.php')
ERROR - 2023-06-10 01:59:18 --> mysqli_sql_exception: Table 'qcdoc.users' doesn't exist in D:\Quality Control\hosting QC\KPJB-QC\vendor\codeigniter4\framework\system\Database\MySQLi\Connection.php:292
Stack trace:
#0 D:\Quality Control\hosting QC\KPJB-QC\vendor\codeigniter4\framework\system\Database\MySQLi\Connection.php(292): mysqli->query('SELECT *\nFROM `...', 0)
#1 D:\Quality Control\hosting QC\KPJB-QC\vendor\codeigniter4\framework\system\Database\BaseConnection.php(666): CodeIgniter\Database\MySQLi\Connection->execute('SELECT *\nFROM `...')
#2 D:\Quality Control\hosting QC\KPJB-QC\vendor\codeigniter4\framework\system\Database\BaseConnection.php(593): CodeIgniter\Database\BaseConnection->simpleQuery('SELECT *\nFROM `...')
#3 D:\Quality Control\hosting QC\KPJB-QC\vendor\codeigniter4\framework\system\Database\BaseBuilder.php(1585): CodeIgniter\Database\BaseConnection->query('SELECT *\nFROM `...', Array, false)
#4 D:\Quality Control\hosting QC\KPJB-QC\vendor\codeigniter4\framework\system\Model.php(182): CodeIgniter\Database\BaseBuilder->get()
#5 D:\Quality Control\hosting QC\KPJB-QC\vendor\codeigniter4\framework\system\BaseModel.php(524): CodeIgniter\Model->doFind(true, '1')
#6 D:\Quality Control\hosting QC\KPJB-QC\vendor\myth\auth\src\Authentication\AuthenticationBase.php(130): CodeIgniter\BaseModel->find('1')
#7 D:\Quality Control\hosting QC\KPJB-QC\vendor\myth\auth\src\Authentication\LocalAuthenticator.php(67): Myth\Auth\Authentication\AuthenticationBase->isLoggedIn()
#8 D:\Quality Control\hosting QC\KPJB-QC\vendor\myth\auth\src\Filters\LoginFilter.php(29): Myth\Auth\Authentication\LocalAuthenticator->check()
#9 D:\Quality Control\hosting QC\KPJB-QC\vendor\codeigniter4\framework\system\Filters\Filters.php(173): Myth\Auth\Filters\LoginFilter->before(Object(CodeIgniter\HTTP\IncomingRequest), NULL)
#10 D:\Quality Control\hosting QC\KPJB-QC\vendor\codeigniter4\framework\system\CodeIgniter.php(455): CodeIgniter\Filters\Filters->run('/', 'before')
#11 D:\Quality Control\hosting QC\KPJB-QC\vendor\codeigniter4\framework\system\CodeIgniter.php(351): CodeIgniter\CodeIgniter->handleRequest(NULL, Object(Config\Cache), false)
#12 D:\Quality Control\hosting QC\KPJB-QC\public\index.php(67): CodeIgniter\CodeIgniter->run()
#13 D:\Quality Control\hosting QC\KPJB-QC\vendor\codeigniter4\framework\system\Commands\Server\rewrite.php(46): require_once('D:\\Quality Cont...')
#14 {main}
CRITICAL - 2023-06-10 01:59:18 --> Call to a member function getFirstRow() on bool
in SYSTEMPATH\Model.php on line 183.
 1 SYSTEMPATH\BaseModel.php(524): CodeIgniter\Model->doFind(true, '1')
 2 VENDORPATH\myth\auth\src\Authentication\AuthenticationBase.php(130): CodeIgniter\BaseModel->find('1')
 3 VENDORPATH\myth\auth\src\Authentication\LocalAuthenticator.php(67): Myth\Auth\Authentication\AuthenticationBase->isLoggedIn()
 4 VENDORPATH\myth\auth\src\Filters\LoginFilter.php(29): Myth\Auth\Authentication\LocalAuthenticator->check()
 5 SYSTEMPATH\Filters\Filters.php(173): Myth\Auth\Filters\LoginFilter->before(Object(CodeIgniter\HTTP\IncomingRequest), null)
 6 SYSTEMPATH\CodeIgniter.php(455): CodeIgniter\Filters\Filters->run('D:\\', 'before')
 7 SYSTEMPATH\CodeIgniter.php(351): CodeIgniter\CodeIgniter->handleRequest(null, Object(Config\Cache), false)
 8 FCPATH\index.php(67): CodeIgniter\CodeIgniter->run()
 9 SYSTEMPATH\Commands\Server\rewrite.php(46): require_once('FCPATH\\index.php')
ERROR - 2023-06-10 02:00:32 --> mysqli_sql_exception: Table 'qcdoc.users' doesn't exist in D:\Quality Control\hosting QC\KPJB-QC\vendor\codeigniter4\framework\system\Database\MySQLi\Connection.php:292
Stack trace:
#0 D:\Quality Control\hosting QC\KPJB-QC\vendor\codeigniter4\framework\system\Database\MySQLi\Connection.php(292): mysqli->query('SELECT *\nFROM `...', 0)
#1 D:\Quality Control\hosting QC\KPJB-QC\vendor\codeigniter4\framework\system\Database\BaseConnection.php(666): CodeIgniter\Database\MySQLi\Connection->execute('SELECT *\nFROM `...')
#2 D:\Quality Control\hosting QC\KPJB-QC\vendor\codeigniter4\framework\system\Database\BaseConnection.php(593): CodeIgniter\Database\BaseConnection->simpleQuery('SELECT *\nFROM `...')
#3 D:\Quality Control\hosting QC\KPJB-QC\vendor\codeigniter4\framework\system\Database\BaseBuilder.php(1585): CodeIgniter\Database\BaseConnection->query('SELECT *\nFROM `...', Array, false)
#4 D:\Quality Control\hosting QC\KPJB-QC\vendor\codeigniter4\framework\system\Model.php(182): CodeIgniter\Database\BaseBuilder->get()
#5 D:\Quality Control\hosting QC\KPJB-QC\vendor\codeigniter4\framework\system\BaseModel.php(524): CodeIgniter\Model->doFind(true, '1')
#6 D:\Quality Control\hosting QC\KPJB-QC\vendor\myth\auth\src\Authentication\AuthenticationBase.php(130): CodeIgniter\BaseModel->find('1')
#7 D:\Quality Control\hosting QC\KPJB-QC\vendor\myth\auth\src\Authentication\LocalAuthenticator.php(67): Myth\Auth\Authentication\AuthenticationBase->isLoggedIn()
#8 D:\Quality Control\hosting QC\KPJB-QC\vendor\myth\auth\src\Filters\LoginFilter.php(29): Myth\Auth\Authentication\LocalAuthenticator->check()
#9 D:\Quality Control\hosting QC\KPJB-QC\vendor\codeigniter4\framework\system\Filters\Filters.php(173): Myth\Auth\Filters\LoginFilter->before(Object(CodeIgniter\HTTP\IncomingRequest), NULL)
#10 D:\Quality Control\hosting QC\KPJB-QC\vendor\codeigniter4\framework\system\CodeIgniter.php(455): CodeIgniter\Filters\Filters->run('/', 'before')
#11 D:\Quality Control\hosting QC\KPJB-QC\vendor\codeigniter4\framework\system\CodeIgniter.php(351): CodeIgniter\CodeIgniter->handleRequest(NULL, Object(Config\Cache), false)
#12 D:\Quality Control\hosting QC\KPJB-QC\public\index.php(67): CodeIgniter\CodeIgniter->run()
#13 D:\Quality Control\hosting QC\KPJB-QC\vendor\codeigniter4\framework\system\Commands\Server\rewrite.php(46): require_once('D:\\Quality Cont...')
#14 {main}
CRITICAL - 2023-06-10 02:00:32 --> Call to a member function getFirstRow() on bool
in SYSTEMPATH\Model.php on line 183.
 1 SYSTEMPATH\BaseModel.php(524): CodeIgniter\Model->doFind(true, '1')
 2 VENDORPATH\myth\auth\src\Authentication\AuthenticationBase.php(130): CodeIgniter\BaseModel->find('1')
 3 VENDORPATH\myth\auth\src\Authentication\LocalAuthenticator.php(67): Myth\Auth\Authentication\AuthenticationBase->isLoggedIn()
 4 VENDORPATH\myth\auth\src\Filters\LoginFilter.php(29): Myth\Auth\Authentication\LocalAuthenticator->check()
 5 SYSTEMPATH\Filters\Filters.php(173): Myth\Auth\Filters\LoginFilter->before(Object(CodeIgniter\HTTP\IncomingRequest), null)
 6 SYSTEMPATH\CodeIgniter.php(455): CodeIgniter\Filters\Filters->run('D:\\', 'before')
 7 SYSTEMPATH\CodeIgniter.php(351): CodeIgniter\CodeIgniter->handleRequest(null, Object(Config\Cache), false)
 8 FCPATH\index.php(67): CodeIgniter\CodeIgniter->run()
 9 SYSTEMPATH\Commands\Server\rewrite.php(46): require_once('FCPATH\\index.php')
ERROR - 2023-06-10 02:02:04 --> mysqli_sql_exception: Table 'qcdoc.users' doesn't exist in D:\Quality Control\hosting QC\KPJB-QC\vendor\codeigniter4\framework\system\Database\MySQLi\Connection.php:292
Stack trace:
#0 D:\Quality Control\hosting QC\KPJB-QC\vendor\codeigniter4\framework\system\Database\MySQLi\Connection.php(292): mysqli->query('SELECT *\nFROM `...', 0)
#1 D:\Quality Control\hosting QC\KPJB-QC\vendor\codeigniter4\framework\system\Database\BaseConnection.php(666): CodeIgniter\Database\MySQLi\Connection->execute('SELECT *\nFROM `...')
#2 D:\Quality Control\hosting QC\KPJB-QC\vendor\codeigniter4\framework\system\Database\BaseConnection.php(593): CodeIgniter\Database\BaseConnection->simpleQuery('SELECT *\nFROM `...')
#3 D:\Quality Control\hosting QC\KPJB-QC\vendor\codeigniter4\framework\system\Database\BaseBuilder.php(1585): CodeIgniter\Database\BaseConnection->query('SELECT *\nFROM `...', Array, false)
#4 D:\Quality Control\hosting QC\KPJB-QC\vendor\codeigniter4\framework\system\Model.php(182): CodeIgniter\Database\BaseBuilder->get()
#5 D:\Quality Control\hosting QC\KPJB-QC\vendor\codeigniter4\framework\system\BaseModel.php(524): CodeIgniter\Model->doFind(true, '1')
#6 D:\Quality Control\hosting QC\KPJB-QC\vendor\myth\auth\src\Authentication\AuthenticationBase.php(130): CodeIgniter\BaseModel->find('1')
#7 D:\Quality Control\hosting QC\KPJB-QC\vendor\myth\auth\src\Authentication\LocalAuthenticator.php(67): Myth\Auth\Authentication\AuthenticationBase->isLoggedIn()
#8 D:\Quality Control\hosting QC\KPJB-QC\vendor\myth\auth\src\Filters\LoginFilter.php(29): Myth\Auth\Authentication\LocalAuthenticator->check()
#9 D:\Quality Control\hosting QC\KPJB-QC\vendor\codeigniter4\framework\system\Filters\Filters.php(173): Myth\Auth\Filters\LoginFilter->before(Object(CodeIgniter\HTTP\IncomingRequest), NULL)
#10 D:\Quality Control\hosting QC\KPJB-QC\vendor\codeigniter4\framework\system\CodeIgniter.php(455): CodeIgniter\Filters\Filters->run('/', 'before')
#11 D:\Quality Control\hosting QC\KPJB-QC\vendor\codeigniter4\framework\system\CodeIgniter.php(351): CodeIgniter\CodeIgniter->handleRequest(NULL, Object(Config\Cache), false)
#12 D:\Quality Control\hosting QC\KPJB-QC\public\index.php(67): CodeIgniter\CodeIgniter->run()
#13 D:\Quality Control\hosting QC\KPJB-QC\vendor\codeigniter4\framework\system\Commands\Server\rewrite.php(46): require_once('D:\\Quality Cont...')
#14 {main}
CRITICAL - 2023-06-10 02:02:04 --> Call to a member function getFirstRow() on bool
in SYSTEMPATH\Model.php on line 183.
 1 SYSTEMPATH\BaseModel.php(524): CodeIgniter\Model->doFind(true, '1')
 2 VENDORPATH\myth\auth\src\Authentication\AuthenticationBase.php(130): CodeIgniter\BaseModel->find('1')
 3 VENDORPATH\myth\auth\src\Authentication\LocalAuthenticator.php(67): Myth\Auth\Authentication\AuthenticationBase->isLoggedIn()
 4 VENDORPATH\myth\auth\src\Filters\LoginFilter.php(29): Myth\Auth\Authentication\LocalAuthenticator->check()
 5 SYSTEMPATH\Filters\Filters.php(173): Myth\Auth\Filters\LoginFilter->before(Object(CodeIgniter\HTTP\IncomingRequest), null)
 6 SYSTEMPATH\CodeIgniter.php(455): CodeIgniter\Filters\Filters->run('D:\\', 'before')
 7 SYSTEMPATH\CodeIgniter.php(351): CodeIgniter\CodeIgniter->handleRequest(null, Object(Config\Cache), false)
 8 FCPATH\index.php(67): CodeIgniter\CodeIgniter->run()
 9 SYSTEMPATH\Commands\Server\rewrite.php(46): require_once('FCPATH\\index.php')
ERROR - 2023-06-10 02:02:13 --> mysqli_sql_exception: Table 'qcdoc.users' doesn't exist in D:\Quality Control\hosting QC\KPJB-QC\vendor\codeigniter4\framework\system\Database\MySQLi\Connection.php:292
Stack trace:
#0 D:\Quality Control\hosting QC\KPJB-QC\vendor\codeigniter4\framework\system\Database\MySQLi\Connection.php(292): mysqli->query('SELECT *\nFROM `...', 0)
#1 D:\Quality Control\hosting QC\KPJB-QC\vendor\codeigniter4\framework\system\Database\BaseConnection.php(666): CodeIgniter\Database\MySQLi\Connection->execute('SELECT *\nFROM `...')
#2 D:\Quality Control\hosting QC\KPJB-QC\vendor\codeigniter4\framework\system\Database\BaseConnection.php(593): CodeIgniter\Database\BaseConnection->simpleQuery('SELECT *\nFROM `...')
#3 D:\Quality Control\hosting QC\KPJB-QC\vendor\codeigniter4\framework\system\Database\BaseBuilder.php(1585): CodeIgniter\Database\BaseConnection->query('SELECT *\nFROM `...', Array, false)
#4 D:\Quality Control\hosting QC\KPJB-QC\vendor\codeigniter4\framework\system\Model.php(182): CodeIgniter\Database\BaseBuilder->get()
#5 D:\Quality Control\hosting QC\KPJB-QC\vendor\codeigniter4\framework\system\BaseModel.php(524): CodeIgniter\Model->doFind(true, '1')
#6 D:\Quality Control\hosting QC\KPJB-QC\vendor\myth\auth\src\Authentication\AuthenticationBase.php(130): CodeIgniter\BaseModel->find('1')
#7 D:\Quality Control\hosting QC\KPJB-QC\vendor\myth\auth\src\Authentication\LocalAuthenticator.php(67): Myth\Auth\Authentication\AuthenticationBase->isLoggedIn()
#8 D:\Quality Control\hosting QC\KPJB-QC\vendor\myth\auth\src\Filters\LoginFilter.php(29): Myth\Auth\Authentication\LocalAuthenticator->check()
#9 D:\Quality Control\hosting QC\KPJB-QC\vendor\codeigniter4\framework\system\Filters\Filters.php(173): Myth\Auth\Filters\LoginFilter->before(Object(CodeIgniter\HTTP\IncomingRequest), NULL)
#10 D:\Quality Control\hosting QC\KPJB-QC\vendor\codeigniter4\framework\system\CodeIgniter.php(455): CodeIgniter\Filters\Filters->run('/', 'before')
#11 D:\Quality Control\hosting QC\KPJB-QC\vendor\codeigniter4\framework\system\CodeIgniter.php(351): CodeIgniter\CodeIgniter->handleRequest(NULL, Object(Config\Cache), false)
#12 D:\Quality Control\hosting QC\KPJB-QC\public\index.php(67): CodeIgniter\CodeIgniter->run()
#13 D:\Quality Control\hosting QC\KPJB-QC\vendor\codeigniter4\framework\system\Commands\Server\rewrite.php(46): require_once('D:\\Quality Cont...')
#14 {main}
CRITICAL - 2023-06-10 02:02:13 --> Call to a member function getFirstRow() on bool
in SYSTEMPATH\Model.php on line 183.
 1 SYSTEMPATH\BaseModel.php(524): CodeIgniter\Model->doFind(true, '1')
 2 VENDORPATH\myth\auth\src\Authentication\AuthenticationBase.php(130): CodeIgniter\BaseModel->find('1')
 3 VENDORPATH\myth\auth\src\Authentication\LocalAuthenticator.php(67): Myth\Auth\Authentication\AuthenticationBase->isLoggedIn()
 4 VENDORPATH\myth\auth\src\Filters\LoginFilter.php(29): Myth\Auth\Authentication\LocalAuthenticator->check()
 5 SYSTEMPATH\Filters\Filters.php(173): Myth\Auth\Filters\LoginFilter->before(Object(CodeIgniter\HTTP\IncomingRequest), null)
 6 SYSTEMPATH\CodeIgniter.php(455): CodeIgniter\Filters\Filters->run('D:\\', 'before')
 7 SYSTEMPATH\CodeIgniter.php(351): CodeIgniter\CodeIgniter->handleRequest(null, Object(Config\Cache), false)
 8 FCPATH\index.php(67): CodeIgniter\CodeIgniter->run()
 9 SYSTEMPATH\Commands\Server\rewrite.php(46): require_once('FCPATH\\index.php')
