CRITICAL - 2023-03-01 01:28:29 --> Cannot use object of type stdClass as array
in APPPATH\Views\settings\sub_menu\modal_data.php on line 90.
 1 SYSTEMPATH\View\View.php(213): include()
 2 SYSTEMPATH\View\View.php(216): CodeIgniter\View\View->CodeIgniter\View\{closure}()
 3 SYSTEMPATH\View\View.php(431): CodeIgniter\View\View->render('settings/sub_menu/modal_data', null, true)
 4 APPPATH\Views\settings\sub_menu\index.php(66): CodeIgniter\View\View->include('settings/sub_menu/modal_data')
 5 SYSTEMPATH\View\View.php(213): include('APPPATH\\Views\\settings\\sub_menu\\index.php')
 6 SYSTEMPATH\View\View.php(216): CodeIgniter\View\View->CodeIgniter\View\{closure}()
 7 SYSTEMPATH\Common.php(1134): CodeIgniter\View\View->render('settings/sub_menu/index', [], true)
 8 APPPATH\Controllers\SubMenu.php(36): view('settings/sub_menu/index', [...])
 9 SYSTEMPATH\CodeIgniter.php(927): App\Controllers\SubMenu->index()
10 SYSTEMPATH\CodeIgniter.php(482): CodeIgniter\CodeIgniter->runController(Object(App\Controllers\SubMenu))
11 SYSTEMPATH\CodeIgniter.php(351): CodeIgniter\CodeIgniter->handleRequest(null, Object(Config\Cache), false)
12 FCPATH\index.php(67): CodeIgniter\CodeIgniter->run()
13 SYSTEMPATH\Commands\Server\rewrite.php(46): require_once('FCPATH\\index.php')
CRITICAL - 2023-03-01 01:42:28 --> Cannot use object of type stdClass as array
in APPPATH\Views\settings\sub_menu\modal_data.php on line 90.
 1 SYSTEMPATH\View\View.php(213): include()
 2 SYSTEMPATH\View\View.php(216): CodeIgniter\View\View->CodeIgniter\View\{closure}()
 3 SYSTEMPATH\View\View.php(431): CodeIgniter\View\View->render('settings/sub_menu/modal_data', null, true)
 4 APPPATH\Views\settings\sub_menu\index.php(66): CodeIgniter\View\View->include('settings/sub_menu/modal_data')
 5 SYSTEMPATH\View\View.php(213): include('APPPATH\\Views\\settings\\sub_menu\\index.php')
 6 SYSTEMPATH\View\View.php(216): CodeIgniter\View\View->CodeIgniter\View\{closure}()
 7 SYSTEMPATH\Common.php(1134): CodeIgniter\View\View->render('settings/sub_menu/index', [], true)
 8 APPPATH\Controllers\SubMenu.php(36): view('settings/sub_menu/index', [...])
 9 SYSTEMPATH\CodeIgniter.php(927): App\Controllers\SubMenu->index()
10 SYSTEMPATH\CodeIgniter.php(482): CodeIgniter\CodeIgniter->runController(Object(App\Controllers\SubMenu))
11 SYSTEMPATH\CodeIgniter.php(351): CodeIgniter\CodeIgniter->handleRequest(null, Object(Config\Cache), false)
12 FCPATH\index.php(67): CodeIgniter\CodeIgniter->run()
13 SYSTEMPATH\Commands\Server\rewrite.php(46): require_once('FCPATH\\index.php')
CRITICAL - 2023-03-01 02:47:17 --> Cannot use object of type stdClass as array
in APPPATH\Views\settings\sub_menu\modal_data.php on line 90.
 1 SYSTEMPATH\View\View.php(213): include()
 2 SYSTEMPATH\View\View.php(216): CodeIgniter\View\View->CodeIgniter\View\{closure}()
 3 SYSTEMPATH\View\View.php(431): CodeIgniter\View\View->render('settings/sub_menu/modal_data', null, true)
 4 APPPATH\Views\settings\sub_menu\index.php(66): CodeIgniter\View\View->include('settings/sub_menu/modal_data')
 5 SYSTEMPATH\View\View.php(213): include('APPPATH\\Views\\settings\\sub_menu\\index.php')
 6 SYSTEMPATH\View\View.php(216): CodeIgniter\View\View->CodeIgniter\View\{closure}()
 7 SYSTEMPATH\Common.php(1134): CodeIgniter\View\View->render('settings/sub_menu/index', [], true)
 8 APPPATH\Controllers\SubMenu.php(36): view('settings/sub_menu/index', [...])
 9 SYSTEMPATH\CodeIgniter.php(927): App\Controllers\SubMenu->index()
10 SYSTEMPATH\CodeIgniter.php(482): CodeIgniter\CodeIgniter->runController(Object(App\Controllers\SubMenu))
11 SYSTEMPATH\CodeIgniter.php(351): CodeIgniter\CodeIgniter->handleRequest(null, Object(Config\Cache), false)
12 FCPATH\index.php(67): CodeIgniter\CodeIgniter->run()
13 SYSTEMPATH\Commands\Server\rewrite.php(46): require_once('FCPATH\\index.php')
CRITICAL - 2023-03-01 02:47:38 --> Cannot use object of type stdClass as array
in APPPATH\Views\settings\sub_menu\modal_data.php on line 90.
 1 SYSTEMPATH\View\View.php(213): include()
 2 SYSTEMPATH\View\View.php(216): CodeIgniter\View\View->CodeIgniter\View\{closure}()
 3 SYSTEMPATH\View\View.php(431): CodeIgniter\View\View->render('settings/sub_menu/modal_data', null, true)
 4 APPPATH\Views\settings\sub_menu\index.php(66): CodeIgniter\View\View->include('settings/sub_menu/modal_data')
 5 SYSTEMPATH\View\View.php(213): include('APPPATH\\Views\\settings\\sub_menu\\index.php')
 6 SYSTEMPATH\View\View.php(216): CodeIgniter\View\View->CodeIgniter\View\{closure}()
 7 SYSTEMPATH\Common.php(1134): CodeIgniter\View\View->render('settings/sub_menu/index', [], true)
 8 APPPATH\Controllers\SubMenu.php(36): view('settings/sub_menu/index', [...])
 9 SYSTEMPATH\CodeIgniter.php(927): App\Controllers\SubMenu->index()
10 SYSTEMPATH\CodeIgniter.php(482): CodeIgniter\CodeIgniter->runController(Object(App\Controllers\SubMenu))
11 SYSTEMPATH\CodeIgniter.php(351): CodeIgniter\CodeIgniter->handleRequest(null, Object(Config\Cache), false)
12 FCPATH\index.php(67): CodeIgniter\CodeIgniter->run()
13 SYSTEMPATH\Commands\Server\rewrite.php(46): require_once('FCPATH\\index.php')
CRITICAL - 2023-03-01 02:47:44 --> Cannot use object of type stdClass as array
in APPPATH\Views\settings\sub_menu\modal_data.php on line 90.
 1 SYSTEMPATH\View\View.php(213): include()
 2 SYSTEMPATH\View\View.php(216): CodeIgniter\View\View->CodeIgniter\View\{closure}()
 3 SYSTEMPATH\View\View.php(431): CodeIgniter\View\View->render('settings/sub_menu/modal_data', null, true)
 4 APPPATH\Views\settings\sub_menu\index.php(66): CodeIgniter\View\View->include('settings/sub_menu/modal_data')
 5 SYSTEMPATH\View\View.php(213): include('APPPATH\\Views\\settings\\sub_menu\\index.php')
 6 SYSTEMPATH\View\View.php(216): CodeIgniter\View\View->CodeIgniter\View\{closure}()
 7 SYSTEMPATH\Common.php(1134): CodeIgniter\View\View->render('settings/sub_menu/index', [], true)
 8 APPPATH\Controllers\SubMenu.php(36): view('settings/sub_menu/index', [...])
 9 SYSTEMPATH\CodeIgniter.php(927): App\Controllers\SubMenu->index()
10 SYSTEMPATH\CodeIgniter.php(482): CodeIgniter\CodeIgniter->runController(Object(App\Controllers\SubMenu))
11 SYSTEMPATH\CodeIgniter.php(351): CodeIgniter\CodeIgniter->handleRequest(null, Object(Config\Cache), false)
12 FCPATH\index.php(67): CodeIgniter\CodeIgniter->run()
13 SYSTEMPATH\Commands\Server\rewrite.php(46): require_once('FCPATH\\index.php')
CRITICAL - 2023-03-01 02:47:45 --> Cannot use object of type stdClass as array
in APPPATH\Views\settings\sub_menu\modal_data.php on line 90.
 1 SYSTEMPATH\View\View.php(213): include()
 2 SYSTEMPATH\View\View.php(216): CodeIgniter\View\View->CodeIgniter\View\{closure}()
 3 SYSTEMPATH\View\View.php(431): CodeIgniter\View\View->render('settings/sub_menu/modal_data', null, true)
 4 APPPATH\Views\settings\sub_menu\index.php(66): CodeIgniter\View\View->include('settings/sub_menu/modal_data')
 5 SYSTEMPATH\View\View.php(213): include('APPPATH\\Views\\settings\\sub_menu\\index.php')
 6 SYSTEMPATH\View\View.php(216): CodeIgniter\View\View->CodeIgniter\View\{closure}()
 7 SYSTEMPATH\Common.php(1134): CodeIgniter\View\View->render('settings/sub_menu/index', [], true)
 8 APPPATH\Controllers\SubMenu.php(36): view('settings/sub_menu/index', [...])
 9 SYSTEMPATH\CodeIgniter.php(927): App\Controllers\SubMenu->index()
10 SYSTEMPATH\CodeIgniter.php(482): CodeIgniter\CodeIgniter->runController(Object(App\Controllers\SubMenu))
11 SYSTEMPATH\CodeIgniter.php(351): CodeIgniter\CodeIgniter->handleRequest(null, Object(Config\Cache), false)
12 FCPATH\index.php(67): CodeIgniter\CodeIgniter->run()
13 SYSTEMPATH\Commands\Server\rewrite.php(46): require_once('FCPATH\\index.php')
CRITICAL - 2023-03-01 02:47:54 --> Cannot use object of type stdClass as array
in APPPATH\Views\settings\sub_menu\modal_data.php on line 90.
 1 SYSTEMPATH\View\View.php(213): include()
 2 SYSTEMPATH\View\View.php(216): CodeIgniter\View\View->CodeIgniter\View\{closure}()
 3 SYSTEMPATH\View\View.php(431): CodeIgniter\View\View->render('settings/sub_menu/modal_data', null, true)
 4 APPPATH\Views\settings\sub_menu\index.php(66): CodeIgniter\View\View->include('settings/sub_menu/modal_data')
 5 SYSTEMPATH\View\View.php(213): include('APPPATH\\Views\\settings\\sub_menu\\index.php')
 6 SYSTEMPATH\View\View.php(216): CodeIgniter\View\View->CodeIgniter\View\{closure}()
 7 SYSTEMPATH\Common.php(1134): CodeIgniter\View\View->render('settings/sub_menu/index', [], true)
 8 APPPATH\Controllers\SubMenu.php(36): view('settings/sub_menu/index', [...])
 9 SYSTEMPATH\CodeIgniter.php(927): App\Controllers\SubMenu->index()
10 SYSTEMPATH\CodeIgniter.php(482): CodeIgniter\CodeIgniter->runController(Object(App\Controllers\SubMenu))
11 SYSTEMPATH\CodeIgniter.php(351): CodeIgniter\CodeIgniter->handleRequest(null, Object(Config\Cache), false)
12 FCPATH\index.php(67): CodeIgniter\CodeIgniter->run()
13 SYSTEMPATH\Commands\Server\rewrite.php(46): require_once('FCPATH\\index.php')
CRITICAL - 2023-03-01 02:47:57 --> Cannot use object of type stdClass as array
in APPPATH\Views\settings\sub_menu\modal_data.php on line 90.
 1 SYSTEMPATH\View\View.php(213): include()
 2 SYSTEMPATH\View\View.php(216): CodeIgniter\View\View->CodeIgniter\View\{closure}()
 3 SYSTEMPATH\View\View.php(431): CodeIgniter\View\View->render('settings/sub_menu/modal_data', null, true)
 4 APPPATH\Views\settings\sub_menu\index.php(66): CodeIgniter\View\View->include('settings/sub_menu/modal_data')
 5 SYSTEMPATH\View\View.php(213): include('APPPATH\\Views\\settings\\sub_menu\\index.php')
 6 SYSTEMPATH\View\View.php(216): CodeIgniter\View\View->CodeIgniter\View\{closure}()
 7 SYSTEMPATH\Common.php(1134): CodeIgniter\View\View->render('settings/sub_menu/index', [], true)
 8 APPPATH\Controllers\SubMenu.php(36): view('settings/sub_menu/index', [...])
 9 SYSTEMPATH\CodeIgniter.php(927): App\Controllers\SubMenu->index()
10 SYSTEMPATH\CodeIgniter.php(482): CodeIgniter\CodeIgniter->runController(Object(App\Controllers\SubMenu))
11 SYSTEMPATH\CodeIgniter.php(351): CodeIgniter\CodeIgniter->handleRequest(null, Object(Config\Cache), false)
12 FCPATH\index.php(67): CodeIgniter\CodeIgniter->run()
13 SYSTEMPATH\Commands\Server\rewrite.php(46): require_once('FCPATH\\index.php')
CRITICAL - 2023-03-01 02:52:35 --> Undefined array key "url"
in APPPATH\Controllers\SubMenu.php on line 82.
 1 APPPATH\Controllers\SubMenu.php(82): CodeIgniter\Debug\Exceptions->errorHandler(2, 'Undefined array key "url"', 'APPPATH\\Controllers\\SubMenu.php', 82)
 2 SYSTEMPATH\CodeIgniter.php(927): App\Controllers\SubMenu->edit('15')
 3 SYSTEMPATH\CodeIgniter.php(482): CodeIgniter\CodeIgniter->runController(Object(App\Controllers\SubMenu))
 4 SYSTEMPATH\CodeIgniter.php(351): CodeIgniter\CodeIgniter->handleRequest(null, Object(Config\Cache), false)
 5 FCPATH\index.php(67): CodeIgniter\CodeIgniter->run()
 6 SYSTEMPATH\Commands\Server\rewrite.php(46): require_once('FCPATH\\index.php')
CRITICAL - 2023-03-01 20:37:13 --> Undefined variable $users
in APPPATH\Views\settings\users\add.php on line 23.
 1 APPPATH\Views\settings\users\add.php(23): CodeIgniter\Debug\Exceptions->errorHandler(2, 'Undefined variable $users', 'APPPATH\\Views\\settings\\users\\add.php', 23)
 2 SYSTEMPATH\View\View.php(213): include('APPPATH\\Views\\settings\\users\\add.php')
 3 SYSTEMPATH\View\View.php(216): CodeIgniter\View\View->CodeIgniter\View\{closure}()
 4 SYSTEMPATH\Common.php(1134): CodeIgniter\View\View->render('settings/users/add', [], true)
 5 APPPATH\Controllers\Users.php(80): view('settings/users/add', [...])
 6 SYSTEMPATH\CodeIgniter.php(927): App\Controllers\Users->add()
 7 SYSTEMPATH\CodeIgniter.php(482): CodeIgniter\CodeIgniter->runController(Object(App\Controllers\Users))
 8 SYSTEMPATH\CodeIgniter.php(351): CodeIgniter\CodeIgniter->handleRequest(null, Object(Config\Cache), false)
 9 FCPATH\index.php(67): CodeIgniter\CodeIgniter->run()
10 SYSTEMPATH\Commands\Server\rewrite.php(46): require_once('FCPATH\\index.php')
CRITICAL - 2023-03-01 20:39:36 --> Undefined variable $users
in APPPATH\Views\settings\users\add.php on line 23.
 1 APPPATH\Views\settings\users\add.php(23): CodeIgniter\Debug\Exceptions->errorHandler(2, 'Undefined variable $users', 'APPPATH\\Views\\settings\\users\\add.php', 23)
 2 SYSTEMPATH\View\View.php(213): include('APPPATH\\Views\\settings\\users\\add.php')
 3 SYSTEMPATH\View\View.php(216): CodeIgniter\View\View->CodeIgniter\View\{closure}()
 4 SYSTEMPATH\Common.php(1134): CodeIgniter\View\View->render('settings/users/add', [], true)
 5 APPPATH\Controllers\Users.php(80): view('settings/users/add', [...])
 6 SYSTEMPATH\CodeIgniter.php(927): App\Controllers\Users->add()
 7 SYSTEMPATH\CodeIgniter.php(482): CodeIgniter\CodeIgniter->runController(Object(App\Controllers\Users))
 8 SYSTEMPATH\CodeIgniter.php(351): CodeIgniter\CodeIgniter->handleRequest(null, Object(Config\Cache), false)
 9 FCPATH\index.php(67): CodeIgniter\CodeIgniter->run()
10 SYSTEMPATH\Commands\Server\rewrite.php(46): require_once('FCPATH\\index.php')
CRITICAL - 2023-03-01 20:40:21 --> Undefined variable $users
in APPPATH\Views\settings\users\add.php on line 23.
 1 APPPATH\Views\settings\users\add.php(23): CodeIgniter\Debug\Exceptions->errorHandler(2, 'Undefined variable $users', 'APPPATH\\Views\\settings\\users\\add.php', 23)
 2 SYSTEMPATH\View\View.php(213): include('APPPATH\\Views\\settings\\users\\add.php')
 3 SYSTEMPATH\View\View.php(216): CodeIgniter\View\View->CodeIgniter\View\{closure}()
 4 SYSTEMPATH\Common.php(1134): CodeIgniter\View\View->render('settings/users/add', [], true)
 5 APPPATH\Controllers\Users.php(80): view('settings/users/add', [...])
 6 SYSTEMPATH\CodeIgniter.php(927): App\Controllers\Users->add()
 7 SYSTEMPATH\CodeIgniter.php(482): CodeIgniter\CodeIgniter->runController(Object(App\Controllers\Users))
 8 SYSTEMPATH\CodeIgniter.php(351): CodeIgniter\CodeIgniter->handleRequest(null, Object(Config\Cache), false)
 9 FCPATH\index.php(67): CodeIgniter\CodeIgniter->run()
10 SYSTEMPATH\Commands\Server\rewrite.php(46): require_once('FCPATH\\index.php')
CRITICAL - 2023-03-01 20:40:24 --> Undefined variable $users
in APPPATH\Views\settings\users\add.php on line 23.
 1 APPPATH\Views\settings\users\add.php(23): CodeIgniter\Debug\Exceptions->errorHandler(2, 'Undefined variable $users', 'APPPATH\\Views\\settings\\users\\add.php', 23)
 2 SYSTEMPATH\View\View.php(213): include('APPPATH\\Views\\settings\\users\\add.php')
 3 SYSTEMPATH\View\View.php(216): CodeIgniter\View\View->CodeIgniter\View\{closure}()
 4 SYSTEMPATH\Common.php(1134): CodeIgniter\View\View->render('settings/users/add', [], true)
 5 APPPATH\Controllers\Users.php(80): view('settings/users/add', [...])
 6 SYSTEMPATH\CodeIgniter.php(927): App\Controllers\Users->add()
 7 SYSTEMPATH\CodeIgniter.php(482): CodeIgniter\CodeIgniter->runController(Object(App\Controllers\Users))
 8 SYSTEMPATH\CodeIgniter.php(351): CodeIgniter\CodeIgniter->handleRequest(null, Object(Config\Cache), false)
 9 FCPATH\index.php(67): CodeIgniter\CodeIgniter->run()
10 SYSTEMPATH\Commands\Server\rewrite.php(46): require_once('FCPATH\\index.php')
CRITICAL - 2023-03-01 20:40:42 --> Undefined variable $users
in APPPATH\Views\settings\users\add.php on line 23.
 1 APPPATH\Views\settings\users\add.php(23): CodeIgniter\Debug\Exceptions->errorHandler(2, 'Undefined variable $users', 'APPPATH\\Views\\settings\\users\\add.php', 23)
 2 SYSTEMPATH\View\View.php(213): include('APPPATH\\Views\\settings\\users\\add.php')
 3 SYSTEMPATH\View\View.php(216): CodeIgniter\View\View->CodeIgniter\View\{closure}()
 4 SYSTEMPATH\Common.php(1134): CodeIgniter\View\View->render('settings/users/add', [], true)
 5 APPPATH\Controllers\Users.php(80): view('settings/users/add', [...])
 6 SYSTEMPATH\CodeIgniter.php(927): App\Controllers\Users->add()
 7 SYSTEMPATH\CodeIgniter.php(482): CodeIgniter\CodeIgniter->runController(Object(App\Controllers\Users))
 8 SYSTEMPATH\CodeIgniter.php(351): CodeIgniter\CodeIgniter->handleRequest(null, Object(Config\Cache), false)
 9 FCPATH\index.php(67): CodeIgniter\CodeIgniter->run()
10 SYSTEMPATH\Commands\Server\rewrite.php(46): require_once('FCPATH\\index.php')
CRITICAL - 2023-03-01 20:40:46 --> Undefined variable $users
in APPPATH\Views\settings\users\add.php on line 23.
 1 APPPATH\Views\settings\users\add.php(23): CodeIgniter\Debug\Exceptions->errorHandler(2, 'Undefined variable $users', 'APPPATH\\Views\\settings\\users\\add.php', 23)
 2 SYSTEMPATH\View\View.php(213): include('APPPATH\\Views\\settings\\users\\add.php')
 3 SYSTEMPATH\View\View.php(216): CodeIgniter\View\View->CodeIgniter\View\{closure}()
 4 SYSTEMPATH\Common.php(1134): CodeIgniter\View\View->render('settings/users/add', [], true)
 5 APPPATH\Controllers\Users.php(80): view('settings/users/add', [...])
 6 SYSTEMPATH\CodeIgniter.php(927): App\Controllers\Users->add()
 7 SYSTEMPATH\CodeIgniter.php(482): CodeIgniter\CodeIgniter->runController(Object(App\Controllers\Users))
 8 SYSTEMPATH\CodeIgniter.php(351): CodeIgniter\CodeIgniter->handleRequest(null, Object(Config\Cache), false)
 9 FCPATH\index.php(67): CodeIgniter\CodeIgniter->run()
10 SYSTEMPATH\Commands\Server\rewrite.php(46): require_once('FCPATH\\index.php')
